This is pdfTeX, Version 3.14159265-2.6-1.40.21 (MiKTeX 20.6.29) (preloaded format=latex 2022.5.11)  11 MAY 2022 14:26
entering extended mode
**/var/folders/t8/nd1_kvr542g72bxmf3_7xd4r0000gn/T/RtmpcTVtLK/chunk-code-980a41
feab.txt

(/var/folders/t8/nd1_kvr542g72bxmf3_7xd4r0000gn/T/RtmpcTVtLK/chunk-code-980a41f
eab.txt
LaTeX2e <2021-11-15> patch level 1
L3 programming layer <2021-11-22>

! LaTeX Error: Environment align* undefined.

See the LaTeX manual or LaTeX Companion for explanation.
Type  H <return>  for immediate help.
 ...                                              
                                                  
l.1 \begin{align*}
                  
? 
! Emergency stop.
 ...                                              
                                                  
l.1 \begin{align*}
                  
Your command was ignored.
Type  I <command> <return>  to replace it with another command,
or  <return>  to continue without it.

 
Here is how much of TeX's memory you used:
 19 strings out of 478676
 726 string characters out of 2843296
 646656 words of memory out of 3000000
 18239 multiletter control sequences out of 15000+600000
 403430 words of font info for 27 fonts, out of 8000000 for 9000
 1141 hyphenation exceptions out of 8191
 13i,0n,12p,131b,16s stack positions out of 5000i,500n,10000p,200000b,80000s
No pages of output.
